Determining if the pthread_create exist failed with the following output:
Change Dir: /home/parallels/easerr/pcl_ws/tutorials/filtering/downsampling/build/CMakeFiles/CMakeTmp

Run Build Command:"/usr/bin/make" "cmTC_c67a3/fast"
/usr/bin/make -f CMakeFiles/cmTC_c67a3.dir/build.make CMakeFiles/cmTC_c67a3.dir/build
make[1]: Entering directory '/home/parallels/easerr/pcl_ws/tutorials/filtering/downsampling/build/CMakeFiles/CMakeTmp'
Building C object CMakeFiles/cmTC_c67a3.dir/CheckSymbolExists.c.o
/usr/bin/cc     -o CMakeFiles/cmTC_c67a3.dir/CheckSymbolExists.c.o   -c /home/parallels/easerr/pcl_ws/tutorials/filtering/downsampling/build/CMakeFiles/CMakeTmp/CheckSymbolExists.c
Linking C executable cmTC_c67a3
/usr/bin/cmake -E cmake_link_script CMakeFiles/cmTC_c67a3.dir/link.txt --verbose=1
/usr/bin/cc       CMakeFiles/cmTC_c67a3.dir/CheckSymbolExists.c.o  -o cmTC_c67a3 -rdynamic 
CMakeFiles/cmTC_c67a3.dir/CheckSymbolExists.c.o: In function `main':
CheckSymbolExists.c:(.text+0x16): undefined reference to `pthread_create'
collect2: error: ld returned 1 exit status
CMakeFiles/cmTC_c67a3.dir/build.make:97: recipe for target 'cmTC_c67a3' failed
make[1]: *** [cmTC_c67a3] Error 1
make[1]: Leaving directory '/home/parallels/easerr/pcl_ws/tutorials/filtering/downsampling/build/CMakeFiles/CMakeTmp'
Makefile:126: recipe for target 'cmTC_c67a3/fast' failed
make: *** [cmTC_c67a3/fast] Error 2

File /home/parallels/easerr/pcl_ws/tutorials/filtering/downsampling/build/CMakeFiles/CMakeTmp/CheckSymbolExists.c:
/* */
#include <pthread.h>

int main(int argc, char** argv)
{
  (void)argv;
#ifndef pthread_create
  return ((int*)(&pthread_create))[argc];
#else
  (void)argc;
  return 0;
#endif
}

Determining if the function pthread_create exists in the pthreads failed with the following output:
Change Dir: /home/parallels/easerr/pcl_ws/tutorials/filtering/downsampling/build/CMakeFiles/CMakeTmp

Run Build Command:"/usr/bin/make" "cmTC_1de39/fast"
/usr/bin/make -f CMakeFiles/cmTC_1de39.dir/build.make CMakeFiles/cmTC_1de39.dir/build
make[1]: Entering directory '/home/parallels/easerr/pcl_ws/tutorials/filtering/downsampling/build/CMakeFiles/CMakeTmp'
Building C object CMakeFiles/cmTC_1de39.dir/CheckFunctionExists.c.o
/usr/bin/cc    -DCHECK_FUNCTION_EXISTS=pthread_create   -o CMakeFiles/cmTC_1de39.dir/CheckFunctionExists.c.o   -c /usr/share/cmake-3.5/Modules/CheckFunctionExists.c
Linking C executable cmTC_1de39
/usr/bin/cmake -E cmake_link_script CMakeFiles/cmTC_1de39.dir/link.txt --verbose=1
/usr/bin/cc   -DCHECK_FUNCTION_EXISTS=pthread_create    CMakeFiles/cmTC_1de39.dir/CheckFunctionExists.c.o  -o cmTC_1de39 -rdynamic -lpthreads 
/usr/bin/ld: cannot find -lpthreads
collect2: error: ld returned 1 exit status
CMakeFiles/cmTC_1de39.dir/build.make:97: recipe for target 'cmTC_1de39' failed
make[1]: *** [cmTC_1de39] Error 1
make[1]: Leaving directory '/home/parallels/easerr/pcl_ws/tutorials/filtering/downsampling/build/CMakeFiles/CMakeTmp'
Makefile:126: recipe for target 'cmTC_1de39/fast' failed
make: *** [cmTC_1de39/fast] Error 2


