Determining if the pthread_create exist failed with the following output:
Change Dir: /home/parallels/easerr_ROS/build/CMakeFiles/CMakeTmp

Run Build Command:"/usr/bin/make" "cmTC_48e6b/fast"
/usr/bin/make -f CMakeFiles/cmTC_48e6b.dir/build.make CMakeFiles/cmTC_48e6b.dir/build
make[1]: Entering directory '/home/parallels/easerr_ROS/build/CMakeFiles/CMakeTmp'
Building C object CMakeFiles/cmTC_48e6b.dir/CheckSymbolExists.c.o
/usr/bin/cc     -o CMakeFiles/cmTC_48e6b.dir/CheckSymbolExists.c.o   -c /home/parallels/easerr_ROS/build/CMakeFiles/CMakeTmp/CheckSymbolExists.c
Linking C executable cmTC_48e6b
/usr/bin/cmake -E cmake_link_script CMakeFiles/cmTC_48e6b.dir/link.txt --verbose=1
/usr/bin/cc       CMakeFiles/cmTC_48e6b.dir/CheckSymbolExists.c.o  -o cmTC_48e6b -rdynamic 
CMakeFiles/cmTC_48e6b.dir/CheckSymbolExists.c.o: In function `main':
CheckSymbolExists.c:(.text+0x16): undefined reference to `pthread_create'
collect2: error: ld returned 1 exit status
CMakeFiles/cmTC_48e6b.dir/build.make:97: recipe for target 'cmTC_48e6b' failed
make[1]: *** [cmTC_48e6b] Error 1
make[1]: Leaving directory '/home/parallels/easerr_ROS/build/CMakeFiles/CMakeTmp'
Makefile:126: recipe for target 'cmTC_48e6b/fast' failed
make: *** [cmTC_48e6b/fast] Error 2

File /home/parallels/easerr_ROS/build/CMakeFiles/CMakeTmp/CheckSymbolExists.c:
/* */
#include <pthread.h>

int main(int argc, char** argv)
{
  (void)argv;
#ifndef pthread_create
  return ((int*)(&pthread_create))[argc];
#else
  (void)argc;
  return 0;
#endif
}

Determining if the function pthread_create exists in the pthreads failed with the following output:
Change Dir: /home/parallels/easerr_ROS/build/CMakeFiles/CMakeTmp

Run Build Command:"/usr/bin/make" "cmTC_191cb/fast"
/usr/bin/make -f CMakeFiles/cmTC_191cb.dir/build.make CMakeFiles/cmTC_191cb.dir/build
make[1]: Entering directory '/home/parallels/easerr_ROS/build/CMakeFiles/CMakeTmp'
Building C object CMakeFiles/cmTC_191cb.dir/CheckFunctionExists.c.o
/usr/bin/cc    -DCHECK_FUNCTION_EXISTS=pthread_create   -o CMakeFiles/cmTC_191cb.dir/CheckFunctionExists.c.o   -c /usr/share/cmake-3.5/Modules/CheckFunctionExists.c
Linking C executable cmTC_191cb
/usr/bin/cmake -E cmake_link_script CMakeFiles/cmTC_191cb.dir/link.txt --verbose=1
/usr/bin/cc   -DCHECK_FUNCTION_EXISTS=pthread_create    CMakeFiles/cmTC_191cb.dir/CheckFunctionExists.c.o  -o cmTC_191cb -rdynamic -lpthreads 
/usr/bin/ld: cannot find -lpthreads
collect2: error: ld returned 1 exit status
CMakeFiles/cmTC_191cb.dir/build.make:97: recipe for target 'cmTC_191cb' failed
make[1]: *** [cmTC_191cb] Error 1
make[1]: Leaving directory '/home/parallels/easerr_ROS/build/CMakeFiles/CMakeTmp'
Makefile:126: recipe for target 'cmTC_191cb/fast' failed
make: *** [cmTC_191cb/fast] Error 2


Determining if the Q_WS_WIN exist failed with the following output:
Change Dir: /home/parallels/easerr_ROS/build/CMakeFiles/CMakeTmp

Run Build Command:"/usr/bin/make" "cmTC_552fb/fast"
/usr/bin/make -f CMakeFiles/cmTC_552fb.dir/build.make CMakeFiles/cmTC_552fb.dir/build
make[1]: Entering directory '/home/parallels/easerr_ROS/build/CMakeFiles/CMakeTmp'
Building CXX object CMakeFiles/cmTC_552fb.dir/CheckSymbolExists.cxx.o
/usr/bin/c++    -I/usr/include/qt4   -o CMakeFiles/cmTC_552fb.dir/CheckSymbolExists.cxx.o -c /home/parallels/easerr_ROS/build/CMakeFiles/CMakeTmp/CheckSymbolExists.cxx
/home/parallels/easerr_ROS/build/CMakeFiles/CMakeTmp/CheckSymbolExists.cxx: In function ‘int main(int, char**)’:
/home/parallels/easerr_ROS/build/CMakeFiles/CMakeTmp/CheckSymbolExists.cxx:8:19: error: ‘Q_WS_WIN’ was not declared in this scope
   return ((int*)(&Q_WS_WIN))[argc];
                   ^
CMakeFiles/cmTC_552fb.dir/build.make:65: recipe for target 'CMakeFiles/cmTC_552fb.dir/CheckSymbolExists.cxx.o' failed
make[1]: *** [CMakeFiles/cmTC_552fb.dir/CheckSymbolExists.cxx.o] Error 1
make[1]: Leaving directory '/home/parallels/easerr_ROS/build/CMakeFiles/CMakeTmp'
Makefile:126: recipe for target 'cmTC_552fb/fast' failed
make: *** [cmTC_552fb/fast] Error 2

File /home/parallels/easerr_ROS/build/CMakeFiles/CMakeTmp/CheckSymbolExists.cxx:
/* */
#include <QtCore/qglobal.h>

int main(int argc, char** argv)
{
  (void)argv;
#ifndef Q_WS_WIN
  return ((int*)(&Q_WS_WIN))[argc];
#else
  (void)argc;
  return 0;
#endif
}

Determining if the Q_WS_QWS exist failed with the following output:
Change Dir: /home/parallels/easerr_ROS/build/CMakeFiles/CMakeTmp

Run Build Command:"/usr/bin/make" "cmTC_ccf1e/fast"
/usr/bin/make -f CMakeFiles/cmTC_ccf1e.dir/build.make CMakeFiles/cmTC_ccf1e.dir/build
make[1]: Entering directory '/home/parallels/easerr_ROS/build/CMakeFiles/CMakeTmp'
Building CXX object CMakeFiles/cmTC_ccf1e.dir/CheckSymbolExists.cxx.o
/usr/bin/c++    -I/usr/include/qt4   -o CMakeFiles/cmTC_ccf1e.dir/CheckSymbolExists.cxx.o -c /home/parallels/easerr_ROS/build/CMakeFiles/CMakeTmp/CheckSymbolExists.cxx
/home/parallels/easerr_ROS/build/CMakeFiles/CMakeTmp/CheckSymbolExists.cxx: In function ‘int main(int, char**)’:
/home/parallels/easerr_ROS/build/CMakeFiles/CMakeTmp/CheckSymbolExists.cxx:8:19: error: ‘Q_WS_QWS’ was not declared in this scope
   return ((int*)(&Q_WS_QWS))[argc];
                   ^
CMakeFiles/cmTC_ccf1e.dir/build.make:65: recipe for target 'CMakeFiles/cmTC_ccf1e.dir/CheckSymbolExists.cxx.o' failed
make[1]: *** [CMakeFiles/cmTC_ccf1e.dir/CheckSymbolExists.cxx.o] Error 1
make[1]: Leaving directory '/home/parallels/easerr_ROS/build/CMakeFiles/CMakeTmp'
Makefile:126: recipe for target 'cmTC_ccf1e/fast' failed
make: *** [cmTC_ccf1e/fast] Error 2

File /home/parallels/easerr_ROS/build/CMakeFiles/CMakeTmp/CheckSymbolExists.cxx:
/* */
#include <QtCore/qglobal.h>

int main(int argc, char** argv)
{
  (void)argv;
#ifndef Q_WS_QWS
  return ((int*)(&Q_WS_QWS))[argc];
#else
  (void)argc;
  return 0;
#endif
}

Determining if the Q_WS_MAC exist failed with the following output:
Change Dir: /home/parallels/easerr_ROS/build/CMakeFiles/CMakeTmp

Run Build Command:"/usr/bin/make" "cmTC_c2bfc/fast"
/usr/bin/make -f CMakeFiles/cmTC_c2bfc.dir/build.make CMakeFiles/cmTC_c2bfc.dir/build
make[1]: Entering directory '/home/parallels/easerr_ROS/build/CMakeFiles/CMakeTmp'
Building CXX object CMakeFiles/cmTC_c2bfc.dir/CheckSymbolExists.cxx.o
/usr/bin/c++    -I/usr/include/qt4   -o CMakeFiles/cmTC_c2bfc.dir/CheckSymbolExists.cxx.o -c /home/parallels/easerr_ROS/build/CMakeFiles/CMakeTmp/CheckSymbolExists.cxx
/home/parallels/easerr_ROS/build/CMakeFiles/CMakeTmp/CheckSymbolExists.cxx: In function ‘int main(int, char**)’:
/home/parallels/easerr_ROS/build/CMakeFiles/CMakeTmp/CheckSymbolExists.cxx:8:19: error: ‘Q_WS_MAC’ was not declared in this scope
   return ((int*)(&Q_WS_MAC))[argc];
                   ^
CMakeFiles/cmTC_c2bfc.dir/build.make:65: recipe for target 'CMakeFiles/cmTC_c2bfc.dir/CheckSymbolExists.cxx.o' failed
make[1]: *** [CMakeFiles/cmTC_c2bfc.dir/CheckSymbolExists.cxx.o] Error 1
make[1]: Leaving directory '/home/parallels/easerr_ROS/build/CMakeFiles/CMakeTmp'
Makefile:126: recipe for target 'cmTC_c2bfc/fast' failed
make: *** [cmTC_c2bfc/fast] Error 2

File /home/parallels/easerr_ROS/build/CMakeFiles/CMakeTmp/CheckSymbolExists.cxx:
/* */
#include <QtCore/qglobal.h>

int main(int argc, char** argv)
{
  (void)argv;
#ifndef Q_WS_MAC
  return ((int*)(&Q_WS_MAC))[argc];
#else
  (void)argc;
  return 0;
#endif
}

